Determining if the function XOpenDisplay exists in the /home/arcturus/anaconda3/envs/geant4env2/lib/libX11.so;/home/arcturus/anaconda3/envs/geant4env2/lib/libXext.so failed with the following output:
Change Dir: /home/arcturus/git/bnct-geant4-exercise/build/CMakeFiles/CMakeTmp

Run Build Command(s):/usr/bin/make cmTC_4f5d8/fast && /usr/bin/make -f CMakeFiles/cmTC_4f5d8.dir/build.make CMakeFiles/cmTC_4f5d8.dir/build
make[1]: Entering directory '/home/arcturus/git/bnct-geant4-exercise/build/CMakeFiles/CMakeTmp'
Building C object CMakeFiles/cmTC_4f5d8.dir/CheckFunctionExists.c.o
/usr/bin/cc   -DCHECK_FUNCTION_EXISTS=XOpenDisplay   -o CMakeFiles/cmTC_4f5d8.dir/CheckFunctionExists.c.o   -c /home/arcturus/anaconda3/envs/geant4env2/share/cmake-3.17/Modules/CheckFunctionExists.c
make[1]: *** No rule to make target '/home/arcturus/anaconda3/envs/geant4env2/lib/libX11.so', needed by 'cmTC_4f5d8'.  Stop.
make[1]: Leaving directory '/home/arcturus/git/bnct-geant4-exercise/build/CMakeFiles/CMakeTmp'
make: *** [Makefile:138: cmTC_4f5d8/fast] Error 2



Determining if the function dnet_ntoa exists in the dnet failed with the following output:
Change Dir: /home/arcturus/git/bnct-geant4-exercise/build/CMakeFiles/CMakeTmp

Run Build Command(s):/usr/bin/make cmTC_698dc/fast && /usr/bin/make -f CMakeFiles/cmTC_698dc.dir/build.make CMakeFiles/cmTC_698dc.dir/build
make[1]: Entering directory '/home/arcturus/git/bnct-geant4-exercise/build/CMakeFiles/CMakeTmp'
Building C object CMakeFiles/cmTC_698dc.dir/CheckFunctionExists.c.o
/usr/bin/cc   -DCHECK_FUNCTION_EXISTS=dnet_ntoa   -o CMakeFiles/cmTC_698dc.dir/CheckFunctionExists.c.o   -c /home/arcturus/anaconda3/envs/geant4env2/share/cmake-3.17/Modules/CheckFunctionExists.c
Linking C executable cmTC_698dc
/home/arcturus/anaconda3/envs/geant4env2/bin/cmake -E cmake_link_script CMakeFiles/cmTC_698dc.dir/link.txt --verbose=1
/usr/bin/cc  -DCHECK_FUNCTION_EXISTS=dnet_ntoa    CMakeFiles/cmTC_698dc.dir/CheckFunctionExists.c.o  -o cmTC_698dc  -ldnet 
/usr/bin/ld: cannot find -ldnet
collect2: error: ld returned 1 exit status
make[1]: *** [CMakeFiles/cmTC_698dc.dir/build.make:104: cmTC_698dc] Error 1
make[1]: Leaving directory '/home/arcturus/git/bnct-geant4-exercise/build/CMakeFiles/CMakeTmp'
make: *** [Makefile:138: cmTC_698dc/fast] Error 2



Determining if the function dnet_ntoa exists in the dnet_stub failed with the following output:
Change Dir: /home/arcturus/git/bnct-geant4-exercise/build/CMakeFiles/CMakeTmp

Run Build Command(s):/usr/bin/make cmTC_58c2a/fast && /usr/bin/make -f CMakeFiles/cmTC_58c2a.dir/build.make CMakeFiles/cmTC_58c2a.dir/build
make[1]: Entering directory '/home/arcturus/git/bnct-geant4-exercise/build/CMakeFiles/CMakeTmp'
Building C object CMakeFiles/cmTC_58c2a.dir/CheckFunctionExists.c.o
/usr/bin/cc   -DCHECK_FUNCTION_EXISTS=dnet_ntoa   -o CMakeFiles/cmTC_58c2a.dir/CheckFunctionExists.c.o   -c /home/arcturus/anaconda3/envs/geant4env2/share/cmake-3.17/Modules/CheckFunctionExists.c
Linking C executable cmTC_58c2a
/home/arcturus/anaconda3/envs/geant4env2/bin/cmake -E cmake_link_script CMakeFiles/cmTC_58c2a.dir/link.txt --verbose=1
/usr/bin/cc  -DCHECK_FUNCTION_EXISTS=dnet_ntoa    CMakeFiles/cmTC_58c2a.dir/CheckFunctionExists.c.o  -o cmTC_58c2a  -ldnet_stub 
/usr/bin/ld: cannot find -ldnet_stub
collect2: error: ld returned 1 exit status
make[1]: *** [CMakeFiles/cmTC_58c2a.dir/build.make:104: cmTC_58c2a] Error 1
make[1]: Leaving directory '/home/arcturus/git/bnct-geant4-exercise/build/CMakeFiles/CMakeTmp'
make: *** [Makefile:138: cmTC_58c2a/fast] Error 2



